<?xml version="1.0" encoding="UTF-8"?>
<!-- Generated by org.testng.reporters.JUnitXMLReporter -->
<testsuite ignored="0" hostname="Vijayakumar" failures="0" tests="4" name="Home Page Test" time="9.967" errors="0" timestamp="2024-11-17T10:09:17 GMT+01:00">
  <testcase classname="com.qa.blazedemo.test.HomePageTest" name="findFlightsButtonExistsTest" time="0.061"/>
  <testcase classname="com.qa.blazedemo.test.HomePageTest" name="homePageHeaderTest" time="0.054"/>
  <testcase classname="com.qa.blazedemo.test.HomePageTest" name="homePageTitleTest" time="0.041"/>
  <testcase classname="com.qa.blazedemo.test.HomePageTest" name="clickOnHomeLinkTest" time="3.488"/>
</testsuite> <!-- Home Page Test -->
