<?xml version="1.0" encoding="UTF-8"?>
<testsuite xmlns:xsi="http://www.w3.org/2001/XMLSchema-instance" xsi:noNamespaceSchemaLocation="https://maven.apache.org/surefire/maven-surefire-plugin/xsd/surefire-test-report.xsd" name="TestSuite" time="10.951" tests="14" errors="0" skipped="0" failures="0">
  <properties>
[...]
</properties>
  <testcase name="isFlightPageHeaderDisplayed" classname="com.qa.blazedemo.test.SelectFlightTest" time="0.073"/>
  <testcase name="selectFlightTest" classname="com.qa.blazedemo.test.SelectFlightTest" time="0.561"/>
  <testcase name="findFlightsButtonExistsTest" classname="com.qa.blazedemo.test.HomePageTest" time="0.1"/>
  <testcase name="homePageHeaderTest" classname="com.qa.blazedemo.test.HomePageTest" time="0.071"/>
  <testcase name="homePageTitleTest" classname="com.qa.blazedemo.test.HomePageTest" time="0.024"/>
  <testcase name="forgotPasswordLinkTest" classname="com.qa.blazedemo.test.LoginPageTest" time="0.063"/>
  <testcase name="loginButtonExistsTest" classname="com.qa.blazedemo.test.LoginPageTest" time="0.032"/>
  <testcase name="registerLinkExistsTest" classname="com.qa.blazedemo.test.LoginPageTest" time="0.07"/>
  <testcase name="selectDepartureCityTest" classname="com.qa.blazedemo.test.HomePageTest" time="0.039"/>
  <testcase name="selectDestinationCityTest" classname="com.qa.blazedemo.test.HomePageTest" time="0.202"/>
  <testcase name="clickOnRegisterLinkTest" classname="com.qa.blazedemo.test.LoginPageTest" time="0.266"/>
  <testcase name="clickOnFindFlightsTest" classname="com.qa.blazedemo.test.HomePageTest" time="0.705"/>
  <testcase name="userRegistrationTest" classname="com.qa.blazedemo.test.RegisterPageTest" time="1.689"/>
  <testcase name="flightPurchaseTest" classname="com.qa.blazedemo.test.FlightBookSuccessPageTest" time="1.983"/>
</testsuite>