<?xml version="1.0" encoding="UTF-8"?>
<!-- Generated by org.testng.reporters.JUnitXMLReporter -->
<testsuite ignored="0" hostname="Vijayakumar" failures="0" tests="6" name="Home Page Test" time="6.555" errors="0" timestamp="2024-11-17T23:27:11 GMT+01:00">
  <testcase classname="com.qa.blazedemo.test.HomePageTest" name="findFlightsButtonExistsTest" time="0.095"/>
  <testcase classname="com.qa.blazedemo.test.HomePageTest" name="homePageHeaderTest" time="0.062"/>
  <testcase classname="com.qa.blazedemo.test.HomePageTest" name="homePageTitleTest" time="0.035"/>
  <testcase classname="com.qa.blazedemo.test.HomePageTest" name="selectDepartureCityTest" time="0.337"/>
  <testcase classname="com.qa.blazedemo.test.HomePageTest" name="selectDestinationCityTest" time="0.202"/>
  <testcase classname="com.qa.blazedemo.test.HomePageTest" name="clickOnFindFlightsTest" time="0.8"/>
</testsuite> <!-- Home Page Test -->
