<?xml version="1.0" encoding="UTF-8"?>
<!-- Generated by org.testng.reporters.JUnitXMLReporter -->
<testsuite ignored="0" hostname="Vijayakumar" failures="0" tests="4" name="Login Page Test" time="6.106" errors="0" timestamp="2024-11-17T23:27:11 GMT+01:00">
  <testcase classname="com.qa.blazedemo.test.LoginPageTest" name="forgotPasswordLinkTest" time="0.061"/>
  <testcase classname="com.qa.blazedemo.test.LoginPageTest" name="loginButtonExistsTest" time="0.031"/>
  <testcase classname="com.qa.blazedemo.test.LoginPageTest" name="registerLinkExistsTest" time="0.07"/>
  <testcase classname="com.qa.blazedemo.test.LoginPageTest" name="clickOnRegisterLinkTest" time="0.6"/>
</testsuite> <!-- Login Page Test -->
