<?xml version="1.0" encoding="UTF-8"?>
<!-- Generated by org.testng.reporters.JUnitXMLReporter -->
<testsuite ignored="0" hostname="Vijayakumar" failures="0" tests="2" name="SelectFlight Page Test" time="4.885" errors="0" timestamp="2024-11-17T23:27:10 GMT+01:00">
  <testcase classname="com.qa.blazedemo.test.SelectFlightTest" name="isFlightPageHeaderDisplayed" time="0.068"/>
  <testcase classname="com.qa.blazedemo.test.SelectFlightTest" name="selectFlightTest" time="0.565"/>
</testsuite> <!-- SelectFlight Page Test -->
