<?xml version="1.0" encoding="UTF-8"?>
<!-- Generated by org.testng.reporters.JUnitXMLReporter -->
<testsuite ignored="0" hostname="Vijayakumar" failures="0" tests="6" name="Home Page Test" time="6.204" errors="0" timestamp="2024-11-17T23:39:35 GMT+01:00">
  <testcase classname="com.qa.blazedemo.test.HomePageTest" name="findFlightsButtonExistsTest" time="0.043"/>
  <testcase classname="com.qa.blazedemo.test.HomePageTest" name="homePageHeaderTest" time="0.04"/>
  <testcase classname="com.qa.blazedemo.test.HomePageTest" name="homePageTitleTest" time="0.02"/>
  <testcase classname="com.qa.blazedemo.test.HomePageTest" name="selectDepartureCityTest" time="0.252"/>
  <testcase classname="com.qa.blazedemo.test.HomePageTest" name="selectDestinationCityTest" time="0.148"/>
  <testcase classname="com.qa.blazedemo.test.HomePageTest" name="clickOnFindFlightsTest" time="0.426"/>
</testsuite> <!-- Home Page Test -->
