<?xml version="1.0" encoding="UTF-8"?>
<!-- Generated by org.testng.reporters.JUnitXMLReporter -->
<testsuite ignored="0" hostname="Vijayakumar" failures="0" tests="4" name="Login Page Test" time="4.778" errors="0" timestamp="2024-11-17T23:39:33 GMT+01:00">
  <testcase classname="com.qa.blazedemo.test.LoginPageTest" name="forgotPasswordLinkTest" time="0.071"/>
  <testcase classname="com.qa.blazedemo.test.LoginPageTest" name="loginButtonExistsTest" time="0.042"/>
  <testcase classname="com.qa.blazedemo.test.LoginPageTest" name="registerLinkExistsTest" time="0.069"/>
  <testcase classname="com.qa.blazedemo.test.LoginPageTest" name="clickOnRegisterLinkTest" time="0.554"/>
</testsuite> <!-- Login Page Test -->
